<?xml version="1.0" encoding="UTF-8"?>
<!-- Generated by org.testng.reporters.JUnitReportReporter -->
<testsuite skipped="0" hostname="DESKTOP-STVSUFI" name="wanasa.HomePageTest" tests="1" failures="0" timestamp="24 Jul 2019 08:47:13 GMT" time="13.656" errors="0">
  <testcase name="withOutSelectingSeat" time="13.656" classname="wanasa.HomePageTest"/>
</testsuite> <!-- wanasa.HomePageTest -->
