<?xml version="1.0" encoding="UTF-8"?>
<!-- Generated by org.testng.reporters.JUnitReportReporter -->
<testsuite hostname="Admin" name="wanasa.HomePageTest" tests="1" failures="0" timestamp="24 Jul 2019 07:44:00 GMT" time="37.770" errors="0">
  <testcase name="verifyfacebookiconclick" time="37.770" classname="wanasa.HomePageTest"/>
</testsuite> <!-- wanasa.HomePageTest -->
