<?xml version="1.0" encoding="UTF-8"?>
<!-- Generated by org.testng.reporters.JUnitReportReporter -->
<testsuite hostname="DESKTOP-5U9MU56" name="wanasa.HomePageTest" tests="4" failures="0" timestamp="20 Jun 2019 11:39:33 GMT" time="140.610" errors="0">
  <testcase name="verifyforgotpassword" time="8.297" classname="wanasa.HomePageTest"/>
  <testcase name="verifylogin" time="36.224" classname="wanasa.HomePageTest"/>
  <testcase name="verifybookticketseventsevoucher" time="50.585" classname="wanasa.HomePageTest"/>
  <testcase name="verifybookticketevents" time="45.504" classname="wanasa.HomePageTest"/>
</testsuite> <!-- wanasa.HomePageTest -->
