<?xml version="1.0" encoding="UTF-8"?>
<!-- Generated by org.testng.reporters.JUnitReportReporter -->
<testsuite hostname="Admin" name="wanasa.HomePageTest" tests="8" failures="0" timestamp="9 Jul 2019 05:57:28 GMT" time="618.744" errors="0">
  <testcase name="verifylogin" time="43.272" classname="wanasa.HomePageTest"/>
  <testcase name="verifysignup" time="22.086" classname="wanasa.HomePageTest"/>
  <testcase name="verifymovieticketbooking" time="251.425" classname="wanasa.HomePageTest"/>
  <testcase name="verifybookticketevents" time="68.202" classname="wanasa.HomePageTest"/>
  <testcase name="verifyforgotpassword" time="8.205" classname="wanasa.HomePageTest"/>
  <testcase name="verifyeventticketBookingWithDebitCard" time="93.432" classname="wanasa.HomePageTest"/>
  <testcase name="googLogin" time="41.342" classname="wanasa.HomePageTest"/>
  <testcase name="verifyquickbooking" time="90.780" classname="wanasa.HomePageTest"/>
</testsuite> <!-- wanasa.HomePageTest -->
