<?xml version="1.0" encoding="UTF-8"?>
<!-- Generated by org.testng.reporters.JUnitReportReporter -->
<<<<<<< HEAD
<testsuite hostname="Admin" name="wanasa.HomePageTest" tests="1" failures="0" timestamp="24 Jul 2019 07:44:00 GMT" time="37.770" errors="0">
  <testcase name="verifyfacebookiconclick" time="37.770" classname="wanasa.HomePageTest"/>
=======
<testsuite skipped="0" hostname="DESKTOP-STVSUFI" name="wanasa.HomePageTest" tests="1" failures="0" timestamp="24 Jul 2019 08:47:13 GMT" time="13.656" errors="0">
  <testcase name="withOutSelectingSeat" time="13.656" classname="wanasa.HomePageTest"/>
>>>>>>> 19cce023c50fa91dae752e796f23d7cd2fa8c923
</testsuite> <!-- wanasa.HomePageTest -->
