<?xml version="1.0" encoding="UTF-8"?>
<!-- Generated by org.testng.reporters.JUnitReportReporter -->
<testsuite skipped="0" hostname="DESKTOP-STVSUFI" name="wanasa.HomePageTest" tests="1" failures="0" timestamp="09 Sep 2019 09:28:36 GMT" time="17.499" errors="0">
  <testcase name="evouchersFileter" time="17.499" classname="wanasa.HomePageTest"/>
</testsuite> <!-- wanasa.HomePageTest -->
