<?xml version="1.0" encoding="UTF-8"?>
<!-- Generated by org.testng.reporters.JUnitReportReporter -->
<testsuite skipped="0" hostname="DESKTOP-TPH0VG3" name="wanasa.HomePageTest" tests="1" failures="0" timestamp="11 Jun 2019 12:12:42 GMT" time="59.659" errors="0">
  <testcase name="ticketbooking" time="59.659" classname="wanasa.HomePageTest"/>
</testsuite> <!-- wanasa.HomePageTest -->
