<?xml version="1.0" encoding="UTF-8"?>
<!-- Generated by org.testng.reporters.JUnitReportReporter -->
<testsuite hostname="Admin" name="wanasa.HomePageTest" tests="4" failures="0" timestamp="22 Jul 2019 05:58:56 GMT" time="108.638" errors="0">
  <testcase name="verifyeventticketBookingWithDebitCard" time="44.405" classname="wanasa.HomePageTest"/>
  <testcase name="verifysignup" time="12.296" classname="wanasa.HomePageTest"/>
  <testcase name="verifylogin" time="8.418" classname="wanasa.HomePageTest"/>
  <testcase name="verifyeventbookvisa" time="43.519" classname="wanasa.HomePageTest"/>
</testsuite> <!-- wanasa.HomePageTest -->
