<?xml version="1.0" encoding="UTF-8"?>
<!-- Generated by org.testng.reporters.JUnitReportReporter -->
<testsuite skipped="0" hostname="DESKTOP-STVSUFI" name="wanasa.HomePageTest" tests="1" failures="0" timestamp="27 Aug 2019 06:31:02 GMT" time="21.432" errors="0">
  <testcase name="eventCatFilter" time="21.432" classname="wanasa.HomePageTest"/>
</testsuite> <!-- wanasa.HomePageTest -->
