<?xml version="1.0" encoding="UTF-8"?>
<!-- Generated by org.testng.reporters.JUnitReportReporter -->
<testsuite skipped="0" hostname="DESKTOP-STVSUFI" name="wanasa.HomePageTest" tests="1" failures="0" timestamp="26 Jul 2019 12:14:08 GMT" time="13.884" errors="0">
  <testcase name="plansandpricingAnyQuery" time="13.884" classname="wanasa.HomePageTest"/>
</testsuite> <!-- wanasa.HomePageTest -->
