<?xml version="1.0" encoding="UTF-8"?>
<!-- Generated by org.testng.reporters.JUnitReportReporter -->
<testsuite hostname="DESKTOP-5U9MU56" name="wanasa.HomePageTest" tests="4" failures="0" timestamp="20 Jun 2019 11:31:41 GMT" time="141.546" errors="0">
  <testcase name="verifyforgotpassword" time="8.243" classname="wanasa.HomePageTest"/>
  <testcase name="verifylogin" time="36.500" classname="wanasa.HomePageTest"/>
  <testcase name="verifybookticketseventsevoucher" time="49.179" classname="wanasa.HomePageTest"/>
  <testcase name="verifybookticketevents" time="47.624" classname="wanasa.HomePageTest"/>
</testsuite> <!-- wanasa.HomePageTest -->
