<?xml version="1.0" encoding="UTF-8"?>
<!-- Generated by org.testng.reporters.JUnitReportReporter -->
<testsuite hostname="Admin" name="wanasa.HomePageTest" tests="1" failures="0" timestamp="24 Jul 2019 10:41:43 GMT" time="8.597" errors="0">
  <testcase name="verifyappstoreclick" time="8.597" classname="wanasa.HomePageTest"/>
</testsuite> <!-- wanasa.HomePageTest -->
