<?xml version="1.0" encoding="UTF-8"?>
<!-- Generated by org.testng.reporters.JUnitReportReporter -->
<testsuite hostname="DESKTOP-5U9MU56" name="wanasa.HomePageTest" tests="2" failures="0" timestamp="19 Jun 2019 11:49:39 GMT" time="57.153" errors="0">
  <testcase name="verifylogin" time="11.935" classname="wanasa.HomePageTest"/>
  <testcase name="verifybookticketevents" time="45.218" classname="wanasa.HomePageTest"/>
</testsuite> <!-- wanasa.HomePageTest -->
