<?xml version="1.0" encoding="UTF-8"?>
<!-- Generated by org.testng.reporters.JUnitReportReporter -->
<testsuite hostname="Admin" name="wanasa.HomePageTest" tests="9" failures="0" timestamp="4 Jul 2019 13:15:11 GMT" time="531.931" errors="0">
  <testcase name="verifyeventticketBookingWithDebitCard" time="90.597" classname="wanasa.HomePageTest"/>
  <testcase name="verifylogin" time="42.827" classname="wanasa.HomePageTest"/>
  <testcase name="verifysignup" time="22.488" classname="wanasa.HomePageTest"/>
  <testcase name="verifymovieticketbooking" time="123.008" classname="wanasa.HomePageTest"/>
  <testcase name="verifybookticketevents" time="54.549" classname="wanasa.HomePageTest"/>
  <testcase name="verifyfooterlinks" time="48.215" classname="wanasa.HomePageTest"/>
  <testcase name="verifyforgotpassword" time="8.432" classname="wanasa.HomePageTest"/>
  <testcase name="googLogin" time="42.021" classname="wanasa.HomePageTest"/>
  <testcase name="verifyquickbooking" time="99.794" classname="wanasa.HomePageTest"/>
</testsuite> <!-- wanasa.HomePageTest -->
