<?xml version="1.0" encoding="UTF-8"?>
<!-- Generated by org.testng.reporters.JUnitReportReporter -->
<testsuite hostname="Admin" name="wanasa.emcsuite" tests="1" failures="0" timestamp="9 Jul 2019 06:18:10 GMT" time="0.490" errors="0">
  <testcase name="test" time="0.490" classname="wanasa.emcsuite"/>
</testsuite> <!-- wanasa.emcsuite -->
