<?xml version="1.0" encoding="UTF-8"?>
<!-- Generated by org.testng.reporters.JUnitReportReporter -->
<testsuite hostname="DESKTOP-5U9MU56" name="wanasa.HomePageTest" tests="3" failures="0" timestamp="18 Jun 2019 10:02:20 GMT" time="141.070" errors="0">
  <testcase name="bookticketevents" time="59.407" classname="wanasa.HomePageTest"/>
  <testcase name="useroperations" time="58.582" classname="wanasa.HomePageTest"/>
  <testcase name="login" time="23.081" classname="wanasa.HomePageTest"/>
</testsuite> <!-- wanasa.HomePageTest -->
