<?xml version="1.0" encoding="UTF-8"?>
<!-- Generated by org.testng.reporters.JUnitReportReporter -->
<testsuite skipped="0" hostname="DESKTOP-STVSUFI" name="wanasa.Emcsuite" tests="3" failures="0" timestamp="09 Jul 2019 09:20:14 GMT" time="54.359" errors="0">
  <testcase name="userSignUp" time="14.794" classname="wanasa.Emcsuite"/>
  <testcase name="forgotPswd" time="8.571" classname="wanasa.Emcsuite"/>
  <testcase name="verifylogin" time="30.994" classname="wanasa.Emcsuite"/>
</testsuite> <!-- wanasa.Emcsuite -->
