<?xml version="1.0" encoding="UTF-8"?>
<!-- Generated by org.testng.reporters.JUnitReportReporter -->
<testsuite hostname="Admin" name="wanasa.HomePageTest" tests="19" failures="0" timestamp="26 Jul 2019 06:21:54 GMT" time="528.871" errors="0">
  <testcase name="verifycontactus" time="16.550" classname="wanasa.HomePageTest"/>
  <testcase name="verifysignup" time="12.250" classname="wanasa.HomePageTest"/>
  <testcase name="withOutSelectingSeat" time="36.931" classname="wanasa.HomePageTest"/>
  <testcase name="verifyeventbookvisa" time="44.611" classname="wanasa.HomePageTest"/>
  <testcase name="verifyeventbookmaster" time="47.618" classname="wanasa.HomePageTest"/>
  <testcase name="verifybookticketevents" time="31.208" classname="wanasa.HomePageTest"/>
  <testcase name="cancelBtnInCBQPayment" time="38.957" classname="wanasa.HomePageTest"/>
  <testcase name="verifygoogLogin" time="47.114" classname="wanasa.HomePageTest"/>
  <testcase name="cancelBtnCreditCard" time="44.111" classname="wanasa.HomePageTest"/>
  <testcase name="verifylogin" time="14.248" classname="wanasa.HomePageTest"/>
  <testcase name="verifyfooterlinks" time="35.154" classname="wanasa.HomePageTest"/>
  <testcase name="verifyforgotpassword" time="2.876" classname="wanasa.HomePageTest"/>
  <testcase name="backBtnInSeatLayoutNaal" time="21.840" classname="wanasa.HomePageTest"/>
  <testcase name="backBtnSingleDayEvent" time="28.280" classname="wanasa.HomePageTest"/>
  <testcase name="cancelBtnSingleDayEvent" time="20.505" classname="wanasa.HomePageTest"/>
  <testcase name="verifyappstoreclick" time="9.795" classname="wanasa.HomePageTest"/>
  <testcase name="verifyeventticketBookingWithDebitCard" time="37.588" classname="wanasa.HomePageTest"/>
  <testcase name="verifySMiconclick" time="30.299" classname="wanasa.HomePageTest"/>
  <testcase name="verifyplaystoreclick" time="8.936" classname="wanasa.HomePageTest"/>
</testsuite> <!-- wanasa.HomePageTest -->
